生成启动时间为 2016/6/8 17:24:24。
     1>项目“E:\Desktop\project\qtstudy-memo\qtstudy-memo\qtstudy-memo.vcxproj”在节点 2 上(Build 个目标)。
     1>CustomBuild:
         Moc'ing myclass.h...
         Rcc'ing src\myclass.qrc...
     1>RCC : warning : No resources in 'E:\Desktop\project\qtstudy-memo\qtstudy-memo\src\myclass.qrc'.
         
         Uic'ing src\myclass.ui...
       ClCompile:
         C:\Program Files (x86)\Microsoft Visual Studio 11.0\VC\bin\x86_amd64\CL.exe /c /I.\GeneratedFiles /I. /IC:\Qt\Qt5.2.1\5.2.1\msvc2012_64\include /I.\GeneratedFiles\Debug /IC:\Qt\Qt5.2.1\5.2.1\msvc2012_64\include\QtCore /IC:\Qt\Qt5.2.1\5.2.1\msvc2012_64\include\QtGui /IC:\Qt\Qt5.2.1\5.2.1\msvc2012_64\include\QtWidgets /Zi /nologo /W1 /WX- /Od /D UNICODE /D WIN32 /D WIN64 /D QT_DLL /D QT_CORE_LIB /D QT_GUI_LIB /D QT_WIDGETS_LIB /Gm- /EHsc /MDd /GS /fp:precise /Zc:wchar_t /Zc:forScope /Fo"x64\Debug\\" /Fd"x64\Debug\vc110.pdb" /Gd /TP /errorReport:prompt GeneratedFiles\Debug\moc_myclass.cpp src\main.cpp src\myclass.cpp
         moc_myclass.cpp
         main.cpp
         myclass.cpp
         正在生成代码...
         C:\Program Files (x86)\Microsoft Visual Studio 11.0\VC\bin\x86_amd64\CL.exe /c /I.\GeneratedFiles /I. /IC:\Qt\Qt5.2.1\5.2.1\msvc2012_64\include /I.\GeneratedFiles\Debug /IC:\Qt\Qt5.2.1\5.2.1\msvc2012_64\include\QtCore /IC:\Qt\Qt5.2.1\5.2.1\msvc2012_64\include\QtGui /IC:\Qt\Qt5.2.1\5.2.1\msvc2012_64\include\QtWidgets /Zi /nologo /W1 /WX- /Od /D UNICODE /D WIN32 /D WIN64 /D QT_DLL /D QT_CORE_LIB /D QT_GUI_LIB /D QT_WIDGETS_LIB /Gm- /EHsc /MDd /GS /fp:precise /Zc:wchar_t /Zc:forScope /Fo"x64\Debug\\" /Fd"x64\Debug\vc110.pdb" /Gd /TP /errorReport:prompt GeneratedFiles\qrc_myclass.cpp
         qrc_myclass.cpp
       Link:
         C:\Program Files (x86)\Microsoft Visual Studio 11.0\VC\bin\x86_amd64\link.exe /ERRORREPORT:PROMPT /OUT:"E:\Desktop\project\qtstudy-memo\x64\Debug\\qtstudy-memo.exe" /NOLOGO /LIBPATH:C:\Qt\Qt5.2.1\5.2.1\msvc2012_64\lib qtmaind.lib Qt5Cored.lib Qt5Guid.lib Qt5Widgetsd.lib kernel32.lib user32.lib gdi32.lib winspool.lib comdlg32.lib advapi32.lib shell32.lib ole32.lib oleaut32.lib uuid.lib odbc32.lib odbccp32.lib /MANIFEST /MANIFESTUAC:"level='asInvoker' uiAccess='false'" /manifest:embed /DEBUG /PDB:"E:\Desktop\project\qtstudy-memo\x64\Debug\qtstudy-memo.pdb" /SUBSYSTEM:WINDOWS /TLBID:1 /DYNAMICBASE /NXCOMPAT /IMPLIB:"E:\Desktop\project\qtstudy-memo\x64\Debug\qtstudy-memo.lib" /MACHINE:X64 x64\Debug\moc_myclass.obj
         x64\Debug\qrc_myclass.obj
         x64\Debug\main.obj
         x64\Debug\myclass.obj
         qtstudy-memo.vcxproj -> E:\Desktop\project\qtstudy-memo\x64\Debug\qtstudy-memo.exe
     1>已完成生成项目“E:\Desktop\project\qtstudy-memo\qtstudy-memo\qtstudy-memo.vcxproj”(Build 个目标)的操作。

生成成功。

已用时间 00:00:04.86
